Determining if the pthread_create exist failed with the following output:
Change Dir: /home/kaz/openpose_3d/calibration/CMakeFiles/CMakeTmp

Run Build Command:"/usr/bin/make" "cmTC_60f8d/fast"
/usr/bin/make -f CMakeFiles/cmTC_60f8d.dir/build.make CMakeFiles/cmTC_60f8d.dir/build
make[1]: Entering directory '/home/kaz/openpose_3d/calibration/CMakeFiles/CMakeTmp'
Building C object CMakeFiles/cmTC_60f8d.dir/CheckSymbolExists.c.o
/usr/bin/cc    -fPIC    -o CMakeFiles/cmTC_60f8d.dir/CheckSymbolExists.c.o   -c /home/kaz/openpose_3d/calibration/CMakeFiles/CMakeTmp/CheckSymbolExists.c
Linking C executable cmTC_60f8d
/usr/bin/cmake -E cmake_link_script CMakeFiles/cmTC_60f8d.dir/link.txt --verbose=1
/usr/bin/cc  -fPIC     CMakeFiles/cmTC_60f8d.dir/CheckSymbolExists.c.o  -o cmTC_60f8d -rdynamic 
CMakeFiles/cmTC_60f8d.dir/CheckSymbolExists.c.o: In function `main':
CheckSymbolExists.c:(.text+0x1b): undefined reference to `pthread_create'
collect2: error: ld returned 1 exit status
CMakeFiles/cmTC_60f8d.dir/build.make:97: recipe for target 'cmTC_60f8d' failed
make[1]: *** [cmTC_60f8d] Error 1
make[1]: Leaving directory '/home/kaz/openpose_3d/calibration/CMakeFiles/CMakeTmp'
Makefile:126: recipe for target 'cmTC_60f8d/fast' failed
make: *** [cmTC_60f8d/fast] Error 2

File /home/kaz/openpose_3d/calibration/CMakeFiles/CMakeTmp/CheckSymbolExists.c:
/* */
#include <pthread.h>

int main(int argc, char** argv)
{
  (void)argv;
#ifndef pthread_create
  return ((int*)(&pthread_create))[argc];
#else
  (void)argc;
  return 0;
#endif
}

Determining if the function pthread_create exists in the pthreads failed with the following output:
Change Dir: /home/kaz/openpose_3d/calibration/CMakeFiles/CMakeTmp

Run Build Command:"/usr/bin/make" "cmTC_e397d/fast"
/usr/bin/make -f CMakeFiles/cmTC_e397d.dir/build.make CMakeFiles/cmTC_e397d.dir/build
make[1]: Entering directory '/home/kaz/openpose_3d/calibration/CMakeFiles/CMakeTmp'
Building C object CMakeFiles/cmTC_e397d.dir/CheckFunctionExists.c.o
/usr/bin/cc    -fPIC -DCHECK_FUNCTION_EXISTS=pthread_create   -o CMakeFiles/cmTC_e397d.dir/CheckFunctionExists.c.o   -c /usr/share/cmake-3.5/Modules/CheckFunctionExists.c
Linking C executable cmTC_e397d
/usr/bin/cmake -E cmake_link_script CMakeFiles/cmTC_e397d.dir/link.txt --verbose=1
/usr/bin/cc  -fPIC -DCHECK_FUNCTION_EXISTS=pthread_create    CMakeFiles/cmTC_e397d.dir/CheckFunctionExists.c.o  -o cmTC_e397d -rdynamic -lpthreads 
/usr/bin/ld: cannot find -lpthreads
collect2: error: ld returned 1 exit status
CMakeFiles/cmTC_e397d.dir/build.make:97: recipe for target 'cmTC_e397d' failed
make[1]: *** [cmTC_e397d] Error 1
make[1]: Leaving directory '/home/kaz/openpose_3d/calibration/CMakeFiles/CMakeTmp'
Makefile:126: recipe for target 'cmTC_e397d/fast' failed
make: *** [cmTC_e397d/fast] Error 2


