Determining if the pthread_create exist failed with the following output:
Change Dir: /home/kazukyun/surfpose3d/fisheye_calib/CMakeFiles/CMakeTmp

Run Build Command:"/usr/bin/make" "cmTC_7c916/fast"
/usr/bin/make -f CMakeFiles/cmTC_7c916.dir/build.make CMakeFiles/cmTC_7c916.dir/build
make[1]: Entering directory '/home/kazukyun/surfpose3d/fisheye_calib/CMakeFiles/CMakeTmp'
Building C object CMakeFiles/cmTC_7c916.dir/CheckSymbolExists.c.o
/usr/bin/cc    -fPIC    -o CMakeFiles/cmTC_7c916.dir/CheckSymbolExists.c.o   -c /home/kazukyun/surfpose3d/fisheye_calib/CMakeFiles/CMakeTmp/CheckSymbolExists.c
Linking C executable cmTC_7c916
/usr/bin/cmake -E cmake_link_script CMakeFiles/cmTC_7c916.dir/link.txt --verbose=1
/usr/bin/cc  -fPIC     CMakeFiles/cmTC_7c916.dir/CheckSymbolExists.c.o  -o cmTC_7c916 -rdynamic 
CMakeFiles/cmTC_7c916.dir/CheckSymbolExists.c.o: In function `main':
CheckSymbolExists.c:(.text+0x1b): undefined reference to `pthread_create'
collect2: error: ld returned 1 exit status
CMakeFiles/cmTC_7c916.dir/build.make:97: recipe for target 'cmTC_7c916' failed
make[1]: *** [cmTC_7c916] Error 1
make[1]: Leaving directory '/home/kazukyun/surfpose3d/fisheye_calib/CMakeFiles/CMakeTmp'
Makefile:126: recipe for target 'cmTC_7c916/fast' failed
make: *** [cmTC_7c916/fast] Error 2

File /home/kazukyun/surfpose3d/fisheye_calib/CMakeFiles/CMakeTmp/CheckSymbolExists.c:
/* */
#include <pthread.h>

int main(int argc, char** argv)
{
  (void)argv;
#ifndef pthread_create
  return ((int*)(&pthread_create))[argc];
#else
  (void)argc;
  return 0;
#endif
}

Determining if the function pthread_create exists in the pthreads failed with the following output:
Change Dir: /home/kazukyun/surfpose3d/fisheye_calib/CMakeFiles/CMakeTmp

Run Build Command:"/usr/bin/make" "cmTC_95476/fast"
/usr/bin/make -f CMakeFiles/cmTC_95476.dir/build.make CMakeFiles/cmTC_95476.dir/build
make[1]: Entering directory '/home/kazukyun/surfpose3d/fisheye_calib/CMakeFiles/CMakeTmp'
Building C object CMakeFiles/cmTC_95476.dir/CheckFunctionExists.c.o
/usr/bin/cc    -fPIC -DCHECK_FUNCTION_EXISTS=pthread_create   -o CMakeFiles/cmTC_95476.dir/CheckFunctionExists.c.o   -c /usr/share/cmake-3.5/Modules/CheckFunctionExists.c
Linking C executable cmTC_95476
/usr/bin/cmake -E cmake_link_script CMakeFiles/cmTC_95476.dir/link.txt --verbose=1
/usr/bin/cc  -fPIC -DCHECK_FUNCTION_EXISTS=pthread_create    CMakeFiles/cmTC_95476.dir/CheckFunctionExists.c.o  -o cmTC_95476 -rdynamic -lpthreads 
/usr/bin/ld: cannot find -lpthreads
collect2: error: ld returned 1 exit status
CMakeFiles/cmTC_95476.dir/build.make:97: recipe for target 'cmTC_95476' failed
make[1]: *** [cmTC_95476] Error 1
make[1]: Leaving directory '/home/kazukyun/surfpose3d/fisheye_calib/CMakeFiles/CMakeTmp'
Makefile:126: recipe for target 'cmTC_95476/fast' failed
make: *** [cmTC_95476/fast] Error 2


Determining if the pthread_create exist failed with the following output:
Change Dir: /home/kazukyun/surfpose3d/fisheye_calib/CMakeFiles/CMakeTmp

Run Build Command:"/usr/bin/make" "cmTC_af11b/fast"
/usr/bin/make -f CMakeFiles/cmTC_af11b.dir/build.make CMakeFiles/cmTC_af11b.dir/build
make[1]: Entering directory '/home/kazukyun/surfpose3d/fisheye_calib/CMakeFiles/CMakeTmp'
Building C object CMakeFiles/cmTC_af11b.dir/CheckSymbolExists.c.o
/usr/bin/cc    -fPIC    -o CMakeFiles/cmTC_af11b.dir/CheckSymbolExists.c.o   -c /home/kazukyun/surfpose3d/fisheye_calib/CMakeFiles/CMakeTmp/CheckSymbolExists.c
Linking C executable cmTC_af11b
/usr/bin/cmake -E cmake_link_script CMakeFiles/cmTC_af11b.dir/link.txt --verbose=1
/usr/bin/cc  -fPIC     CMakeFiles/cmTC_af11b.dir/CheckSymbolExists.c.o  -o cmTC_af11b -rdynamic 
CMakeFiles/cmTC_af11b.dir/CheckSymbolExists.c.o: In function `main':
CheckSymbolExists.c:(.text+0x1b): undefined reference to `pthread_create'
collect2: error: ld returned 1 exit status
CMakeFiles/cmTC_af11b.dir/build.make:97: recipe for target 'cmTC_af11b' failed
make[1]: *** [cmTC_af11b] Error 1
make[1]: Leaving directory '/home/kazukyun/surfpose3d/fisheye_calib/CMakeFiles/CMakeTmp'
Makefile:126: recipe for target 'cmTC_af11b/fast' failed
make: *** [cmTC_af11b/fast] Error 2

File /home/kazukyun/surfpose3d/fisheye_calib/CMakeFiles/CMakeTmp/CheckSymbolExists.c:
/* */
#include <pthread.h>

int main(int argc, char** argv)
{
  (void)argv;
#ifndef pthread_create
  return ((int*)(&pthread_create))[argc];
#else
  (void)argc;
  return 0;
#endif
}

Determining if the function pthread_create exists in the pthreads failed with the following output:
Change Dir: /home/kazukyun/surfpose3d/fisheye_calib/CMakeFiles/CMakeTmp

Run Build Command:"/usr/bin/make" "cmTC_1cee6/fast"
/usr/bin/make -f CMakeFiles/cmTC_1cee6.dir/build.make CMakeFiles/cmTC_1cee6.dir/build
make[1]: Entering directory '/home/kazukyun/surfpose3d/fisheye_calib/CMakeFiles/CMakeTmp'
Building C object CMakeFiles/cmTC_1cee6.dir/CheckFunctionExists.c.o
/usr/bin/cc    -fPIC -DCHECK_FUNCTION_EXISTS=pthread_create   -o CMakeFiles/cmTC_1cee6.dir/CheckFunctionExists.c.o   -c /usr/share/cmake-3.5/Modules/CheckFunctionExists.c
Linking C executable cmTC_1cee6
/usr/bin/cmake -E cmake_link_script CMakeFiles/cmTC_1cee6.dir/link.txt --verbose=1
/usr/bin/cc  -fPIC -DCHECK_FUNCTION_EXISTS=pthread_create    CMakeFiles/cmTC_1cee6.dir/CheckFunctionExists.c.o  -o cmTC_1cee6 -rdynamic -lpthreads 
/usr/bin/ld: cannot find -lpthreads
collect2: error: ld returned 1 exit status
CMakeFiles/cmTC_1cee6.dir/build.make:97: recipe for target 'cmTC_1cee6' failed
make[1]: *** [cmTC_1cee6] Error 1
make[1]: Leaving directory '/home/kazukyun/surfpose3d/fisheye_calib/CMakeFiles/CMakeTmp'
Makefile:126: recipe for target 'cmTC_1cee6/fast' failed
make: *** [cmTC_1cee6/fast] Error 2


